<?xml version="1.0" encoding="UTF-8"?>
<testng-results ignored="0" total="2" passed="2" failed="0" skipped="0">
  <reporter-output>
  </reporter-output>
  <suite started-at="2025-11-18T05:09:39Z" name="BDD Test Suite" finished-at="2025-11-18T05:09:54Z" duration-ms="15740">
    <groups>
      <group name="cucumber">
        <method signature="AbstractTestNGCucumberTests.runScenario(cucumber.api.testng.PickleEventWrapper, cucumber.api.testng.CucumberFeatureWrapper)[pri:0, instance:com.crowdar.bdd.cukes.TestNGSecuencialRunner@3daa422a]" name="runScenario" class="cucumber.api.testng.AbstractTestNGCucumberTests"/>
      </group> <!-- cucumber -->
    </groups>
    <test started-at="2025-11-18T05:09:39Z" name="TestNg Secuencial runner Tests" finished-at="2025-11-18T05:09:54Z" duration-ms="15740">
      <class name="com.crowdar.bdd.cukes.TestNGSecuencialRunner">
        <test-method is-config="true" signature="setUpClass()[pri:0, instance:com.crowdar.bdd.cukes.TestNGSecuencialRunner@3daa422a]" started-at="2025-11-18T05:09:39Z" name="setUpClass" finished-at="2025-11-18T05:09:39Z" duration-ms="391" status="PASS">
          <reporter-output>
          </reporter-output>
        </test-method> <!-- setUpClass -->
        <test-method signature="runScenario(cucumber.api.testng.PickleEventWrapper, cucumber.api.testng.CucumberFeatureWrapper)[pri:0, instance:com.crowdar.bdd.cukes.TestNGSecuencialRunner@3daa422a]" started-at="2025-11-18T05:09:39Z" name="runScenario" description="Runs Cucumber Scenarios" data-provider="scenarios" finished-at="2025-11-18T05:09:49Z" duration-ms="10264" status="PASS">
          <params>
            <param index="0">
              <value>
                <![CDATA["Agregar un producto al carrito"]]>
              </value>
            </param>
            <param index="1">
              <value>
                <![CDATA["Carrito de compras"]]>
              </value>
            </param>
          </params>
          <reporter-output>
          </reporter-output>
        </test-method> <!-- runScenario -->
        <test-method signature="runScenario(cucumber.api.testng.PickleEventWrapper, cucumber.api.testng.CucumberFeatureWrapper)[pri:0, instance:com.crowdar.bdd.cukes.TestNGSecuencialRunner@3daa422a]" started-at="2025-11-18T05:09:49Z" name="runScenario" description="Runs Cucumber Scenarios" data-provider="scenarios" finished-at="2025-11-18T05:09:54Z" duration-ms="4659" status="PASS">
          <params>
            <param index="0">
              <value>
                <![CDATA["Eliminar un producto"]]>
              </value>
            </param>
            <param index="1">
              <value>
                <![CDATA["Carrito de compras"]]>
              </value>
            </param>
          </params>
          <reporter-output>
          </reporter-output>
        </test-method> <!-- runScenario -->
        <test-method is-config="true" signature="tearDownClass()[pri:0, instance:com.crowdar.bdd.cukes.TestNGSecuencialRunner@3daa422a]" started-at="2025-11-18T05:09:54Z" name="tearDownClass" finished-at="2025-11-18T05:09:54Z" duration-ms="378" status="PASS">
          <reporter-output>
          </reporter-output>
        </test-method> <!-- tearDownClass -->
      </class> <!-- com.crowdar.bdd.cukes.TestNGSecuencialRunner -->
    </test> <!-- TestNg Secuencial runner Tests -->
  </suite> <!-- BDD Test Suite -->
</testng-results>
