<?xml version="1.0" encoding="UTF-8"?>
<!-- Generated by org.testng.reporters.JUnitReportReporter -->
<testsuite hostname="Farfan_Abril" failures="0" tests="2" name="com.crowdar.bdd.cukes.TestNGSecuencialRunner" time="13.419" errors="0" timestamp="18 nov 2025 03:08:43 GMT" skipped="0">
  <testcase classname="com.crowdar.bdd.cukes.TestNGSecuencialRunner" name="runScenario" time="8.914"/>
  <testcase classname="com.crowdar.bdd.cukes.TestNGSecuencialRunner" name="runScenario" time="4.505"/>
</testsuite> <!-- com.crowdar.bdd.cukes.TestNGSecuencialRunner -->
