<?xml version="1.0" encoding="UTF-8"?>
<!-- Generated by org.testng.reporters.JUnitReportReporter -->
<testsuite hostname="Farfan-PC" failures="0" tests="2" name="com.crowdar.bdd.cukes.TestNGSecuencialRunner" time="21.860" errors="0" timestamp="29 dic 2025 17:24:27 GMT" skipped="0">
  <testcase classname="com.crowdar.bdd.cukes.TestNGSecuencialRunner" name="runScenario" time="5.386"/>
  <testcase classname="com.crowdar.bdd.cukes.TestNGSecuencialRunner" name="runScenario" time="16.474"/>
</testsuite> <!-- com.crowdar.bdd.cukes.TestNGSecuencialRunner -->
