<?xml version="1.0" encoding="UTF-8"?>
<!-- Generated by org.testng.reporters.JUnitXMLReporter -->
<testsuite ignored="0" hostname="Farfan_Abril" failures="0" tests="2" name="TestNg Secuencial runner Tests" time="15.74" errors="0" timestamp="18 nov 2025 05:09:54 GMT">
  <testcase classname="cucumber.api.testng.AbstractTestNGCucumberTests" name="runScenario" time="10.264"/>
  <testcase classname="cucumber.api.testng.AbstractTestNGCucumberTests" name="runScenario" time="4.659"/>
</testsuite> <!-- TestNg Secuencial runner Tests -->
